Determining if the Q_WS_WIN exist failed with the following output:
Change Dir: /home/salabeta/robocomp/components/grupo2robotica/navegacion/CMakeFiles/CMakeTmp

Run Build Command:/usr/bin/make "cmTryCompileExec2816889940/fast"
make[1]: se ingresa al directorio «/home/salabeta/robocomp/components/grupo2robotica/navegacion/CMakeFiles/CMakeTmp»
/usr/bin/make -f CMakeFiles/cmTryCompileExec2816889940.dir/build.make CMakeFiles/cmTryCompileExec2816889940.dir/build
make[2]: se ingresa al directorio «/home/salabeta/robocomp/components/grupo2robotica/navegacion/CMakeFiles/CMakeTmp»
/usr/bin/cmake -E cmake_progress_report /home/salabeta/robocomp/components/grupo2robotica/navegacion/CMakeFiles/CMakeTmp/CMakeFiles 1
Building CXX object CMakeFiles/cmTryCompileExec2816889940.dir/CheckSymbolExists.cxx.o
/usr/bin/c++    -I/usr/include/qt4    -o CMakeFiles/cmTryCompileExec2816889940.dir/CheckSymbolExists.cxx.o -c /home/salabeta/robocomp/components/grupo2robotica/navegacion/CMakeFiles/CMakeTmp/CheckSymbolExists.cxx
/home/salabeta/robocomp/components/grupo2robotica/navegacion/CMakeFiles/CMakeTmp/CheckSymbolExists.cxx: In function ‘int main(int, char**)’:
/home/salabeta/robocomp/components/grupo2robotica/navegacion/CMakeFiles/CMakeTmp/CheckSymbolExists.cxx:8:19: error: ‘Q_WS_WIN’ was not declared in this scope
   return ((int*)(&Q_WS_WIN))[argc];
                   ^
make[2]: *** [CMakeFiles/cmTryCompileExec2816889940.dir/CheckSymbolExists.cxx.o] Error 1
make[2]: se sale del directorio «/home/salabeta/robocomp/components/grupo2robotica/navegacion/CMakeFiles/CMakeTmp»
make[1]: se sale del directorio «/home/salabeta/robocomp/components/grupo2robotica/navegacion/CMakeFiles/CMakeTmp»
make[1]: *** [cmTryCompileExec2816889940/fast] Error 2

File /home/salabeta/robocomp/components/grupo2robotica/navegacion/CMakeFiles/CMakeTmp/CheckSymbolExists.cxx:
/* */
#include <QtCore/qglobal.h>

int main(int argc, char** argv)
{
  (void)argv;
#ifndef Q_WS_WIN
  return ((int*)(&Q_WS_WIN))[argc];
#else
  (void)argc;
  return 0;
#endif
}

Determining if the Q_WS_QWS exist failed with the following output:
Change Dir: /home/salabeta/robocomp/components/grupo2robotica/navegacion/CMakeFiles/CMakeTmp

Run Build Command:/usr/bin/make "cmTryCompileExec2628721116/fast"
make[1]: se ingresa al directorio «/home/salabeta/robocomp/components/grupo2robotica/navegacion/CMakeFiles/CMakeTmp»
/usr/bin/make -f CMakeFiles/cmTryCompileExec2628721116.dir/build.make CMakeFiles/cmTryCompileExec2628721116.dir/build
make[2]: se ingresa al directorio «/home/salabeta/robocomp/components/grupo2robotica/navegacion/CMakeFiles/CMakeTmp»
/usr/bin/cmake -E cmake_progress_report /home/salabeta/robocomp/components/grupo2robotica/navegacion/CMakeFiles/CMakeTmp/CMakeFiles 1
Building CXX object CMakeFiles/cmTryCompileExec2628721116.dir/CheckSymbolExists.cxx.o
/usr/bin/c++    -I/usr/include/qt4    -o CMakeFiles/cmTryCompileExec2628721116.dir/CheckSymbolExists.cxx.o -c /home/salabeta/robocomp/components/grupo2robotica/navegacion/CMakeFiles/CMakeTmp/CheckSymbolExists.cxx
/home/salabeta/robocomp/components/grupo2robotica/navegacion/CMakeFiles/CMakeTmp/CheckSymbolExists.cxx: In function ‘int main(int, char**)’:
/home/salabeta/robocomp/components/grupo2robotica/navegacion/CMakeFiles/CMakeTmp/CheckSymbolExists.cxx:8:19: error: ‘Q_WS_QWS’ was not declared in this scope
   return ((int*)(&Q_WS_QWS))[argc];
                   ^
make[2]: se sale del directorio «/home/salabeta/robocomp/components/grupo2robotica/navegacion/CMakeFiles/CMakeTmp»
make[2]: *** [CMakeFiles/cmTryCompileExec2628721116.dir/CheckSymbolExists.cxx.o] Error 1
make[1]: se sale del directorio «/home/salabeta/robocomp/components/grupo2robotica/navegacion/CMakeFiles/CMakeTmp»
make[1]: *** [cmTryCompileExec2628721116/fast] Error 2

File /home/salabeta/robocomp/components/grupo2robotica/navegacion/CMakeFiles/CMakeTmp/CheckSymbolExists.cxx:
/* */
#include <QtCore/qglobal.h>

int main(int argc, char** argv)
{
  (void)argv;
#ifndef Q_WS_QWS
  return ((int*)(&Q_WS_QWS))[argc];
#else
  (void)argc;
  return 0;
#endif
}

Determining if the Q_WS_MAC exist failed with the following output:
Change Dir: /home/salabeta/robocomp/components/grupo2robotica/navegacion/CMakeFiles/CMakeTmp

Run Build Command:/usr/bin/make "cmTryCompileExec599454628/fast"
make[1]: se ingresa al directorio «/home/salabeta/robocomp/components/grupo2robotica/navegacion/CMakeFiles/CMakeTmp»
/usr/bin/make -f CMakeFiles/cmTryCompileExec599454628.dir/build.make CMakeFiles/cmTryCompileExec599454628.dir/build
make[2]: se ingresa al directorio «/home/salabeta/robocomp/components/grupo2robotica/navegacion/CMakeFiles/CMakeTmp»
/usr/bin/cmake -E cmake_progress_report /home/salabeta/robocomp/components/grupo2robotica/navegacion/CMakeFiles/CMakeTmp/CMakeFiles 1
Building CXX object CMakeFiles/cmTryCompileExec599454628.dir/CheckSymbolExists.cxx.o
/usr/bin/c++    -I/usr/include/qt4    -o CMakeFiles/cmTryCompileExec599454628.dir/CheckSymbolExists.cxx.o -c /home/salabeta/robocomp/components/grupo2robotica/navegacion/CMakeFiles/CMakeTmp/CheckSymbolExists.cxx
/home/salabeta/robocomp/components/grupo2robotica/navegacion/CMakeFiles/CMakeTmp/CheckSymbolExists.cxx: In function ‘int main(int, char**)’:
/home/salabeta/robocomp/components/grupo2robotica/navegacion/CMakeFiles/CMakeTmp/CheckSymbolExists.cxx:8:19: error: ‘Q_WS_MAC’ was not declared in this scope
   return ((int*)(&Q_WS_MAC))[argc];
                   ^
make[2]: se sale del directorio «/home/salabeta/robocomp/components/grupo2robotica/navegacion/CMakeFiles/CMakeTmp»
make[2]: *** [CMakeFiles/cmTryCompileExec599454628.dir/CheckSymbolExists.cxx.o] Error 1
make[1]: se sale del directorio «/home/salabeta/robocomp/components/grupo2robotica/navegacion/CMakeFiles/CMakeTmp»
make[1]: *** [cmTryCompileExec599454628/fast] Error 2

File /home/salabeta/robocomp/components/grupo2robotica/navegacion/CMakeFiles/CMakeTmp/CheckSymbolExists.cxx:
/* */
#include <QtCore/qglobal.h>

int main(int argc, char** argv)
{
  (void)argv;
#ifndef Q_WS_MAC
  return ((int*)(&Q_WS_MAC))[argc];
#else
  (void)argc;
  return 0;
#endif
}

